{"$message_type":"diagnostic","message":"unresolved import `thiserror`","code":{"code":"E0432","explanation":"An import was unresolved.\n\nErroneous code example:\n\n```compile_fail,E0432\nuse something::Foo; // error: unresolved import `something::Foo`.\n```\n\nIn Rust 2015, paths in `use` statements are relative to the crate root. To\nimport items relative to the current and parent modules, use the `self::` and\n`super::` prefixes, respectively.\n\nIn Rust 2018 or later, paths in `use` statements are relative to the current\nmodule unless they begin with the name of a crate or a literal `crate::`, in\nwhich case they start from the crate root. As in Rust 2015 code, the `self::`\nand `super::` prefixes refer to the current and parent modules respectively.\n\nAlso verify that you didn't misspell the import name and that the import exists\nin the module from where you tried to import it. Example:\n\n```\nuse self::something::Foo; // Ok.\n\nmod something {\n    pub struct Foo;\n}\n# fn main() {}\n```\n\nIf you tried to use a module from an external crate and are using Rust 2015,\nyou may have missed the `extern crate` declaration (which is usually placed in\nthe crate root):\n\n```edition2015\nextern crate core; // Required to use the `core` crate in Rust 2015.\n\nuse core::any;\n# fn main() {}\n```\n\nSince Rust 2018 the `extern crate` declaration is not required and\nyou can instead just `use` it:\n\n```edition2018\nuse core::any; // No extern crate required in Rust 2018.\n# fn main() {}\n```\n"},"level":"error","spans":[{"file_name":"src/error.rs","byte_start":32,"byte_end":41,"line_start":2,"line_end":2,"column_start":5,"column_end":14,"is_primary":true,"text":[{"text":"use thiserror::Error;","highlight_start":5,"highlight_end":14}],"label":"use of unresolved module or unlinked crate `thiserror`","suggested_replacement":null,"suggestion_applicability":null,"expansion":null}],"children":[{"message":"if you wanted to use a crate named `thiserror`, use `cargo add thiserror` to add it to your `Cargo.toml`","code":null,"level":"help","spans":[],"children":[],"rendered":null}],"rendered":"\u001b[1m\u001b[91merror[E0432]\u001b[0m\u001b[1m: unresolved import `thiserror`\u001b[0m\n \u001b[1m\u001b[94m--> \u001b[0msrc/error.rs:2:5\n  \u001b[1m\u001b[94m|\u001b[0m\n\u001b[1m\u001b[94m2\u001b[0m \u001b[1m\u001b[94m|\u001b[0m use thiserror::Error;\n  \u001b[1m\u001b[94m|\u001b[0m     \u001b[1m\u001b[91m^^^^^^^^^\u001b[0m \u001b[1m\u001b[91muse of unresolved module or unlinked crate `thiserror`\u001b[0m\n  \u001b[1m\u001b[94m|\u001b[0m\n  \u001b[1m\u001b[94m= \u001b[0m\u001b[1mhelp\u001b[0m: if you wanted to use a crate named `thiserror`, use `cargo add thiserror` to add it to your `Cargo.toml`\n\n"}
{"$message_type":"diagnostic","message":"cannot find attribute `error` in this scope","code":null,"level":"error","spans":[{"file_name":"src/error.rs","byte_start":102,"byte_end":107,"line_start":6,"line_end":6,"column_start":7,"column_end":12,"is_primary":true,"text":[{"text":"    #[error(\"{0}\")]","highlight_start":7,"highlight_end":12}],"label":null,"suggested_replacement":null,"suggestion_applicability":null,"expansion":null}],"children":[],"rendered":"\u001b[1m\u001b[91merror\u001b[0m\u001b[1m: cannot find attribute `error` in this scope\u001b[0m\n \u001b[1m\u001b[94m--> \u001b[0msrc/error.rs:6:7\n  \u001b[1m\u001b[94m|\u001b[0m\n\u001b[1m\u001b[94m6\u001b[0m \u001b[1m\u001b[94m|\u001b[0m     #[error(\"{0}\")]\n  \u001b[1m\u001b[94m|\u001b[0m       \u001b[1m\u001b[91m^^^^^\u001b[0m\n\n"}
{"$message_type":"diagnostic","message":"cannot find attribute `error` in this scope","code":null,"level":"error","spans":[{"file_name":"src/error.rs","byte_start":148,"byte_end":153,"line_start":9,"line_end":9,"column_start":7,"column_end":12,"is_primary":true,"text":[{"text":"    #[error(\"{0}\")]","highlight_start":7,"highlight_end":12}],"label":null,"suggested_replacement":null,"suggestion_applicability":null,"expansion":null}],"children":[],"rendered":"\u001b[1m\u001b[91merror\u001b[0m\u001b[1m: cannot find attribute `error` in this scope\u001b[0m\n \u001b[1m\u001b[94m--> \u001b[0msrc/error.rs:9:7\n  \u001b[1m\u001b[94m|\u001b[0m\n\u001b[1m\u001b[94m9\u001b[0m \u001b[1m\u001b[94m|\u001b[0m     #[error(\"{0}\")]\n  \u001b[1m\u001b[94m|\u001b[0m       \u001b[1m\u001b[91m^^^^^\u001b[0m\n\n"}
{"$message_type":"diagnostic","message":"unused import: `Reference`","code":{"code":"unused_imports","explanation":null},"level":"warning","spans":[{"file_name":"src/git/mod.rs","byte_start":28,"byte_end":37,"line_start":1,"line_end":1,"column_start":29,"column_end":38,"is_primary":true,"text":[{"text":"use git2::{Repository, Oid, Reference};","highlight_start":29,"highlight_end":38}],"label":null,"suggested_replacement":null,"suggestion_applicability":null,"expansion":null}],"children":[{"message":"`#[warn(unused_imports)]` (part of `#[warn(unused)]`) on by default","code":null,"level":"note","spans":[],"children":[],"rendered":null},{"message":"remove the unused import","code":null,"level":"help","spans":[{"file_name":"src/git/mod.rs","byte_start":26,"byte_end":37,"line_start":1,"line_end":1,"column_start":27,"column_end":38,"is_primary":true,"text":[{"text":"use git2::{Repository, Oid, Reference};","highlight_start":27,"highlight_end":38}],"label":null,"suggested_replacement":"","suggestion_applicability":"MachineApplicable","expansion":null}],"children":[],"rendered":null}],"rendered":"\u001b[1m\u001b[33mwarning\u001b[0m\u001b[1m: unused import: `Reference`\u001b[0m\n \u001b[1m\u001b[94m--> \u001b[0msrc/git/mod.rs:1:29\n  \u001b[1m\u001b[94m|\u001b[0m\n\u001b[1m\u001b[94m1\u001b[0m \u001b[1m\u001b[94m|\u001b[0m use git2::{Repository, Oid, Reference};\n  \u001b[1m\u001b[94m|\u001b[0m                             \u001b[1m\u001b[33m^^^^^^^^^\u001b[0m\n  \u001b[1m\u001b[94m|\u001b[0m\n  \u001b[1m\u001b[94m= \u001b[0m\u001b[1mnote\u001b[0m: `#[warn(unused_imports)]` (part of `#[warn(unused)]`) on by default\n\n"}
{"$message_type":"diagnostic","message":"enum takes 2 generic arguments but 1 generic argument was supplied","code":{"code":"E0107","explanation":"An incorrect number of generic arguments was provided.\n\nErroneous code example:\n\n```compile_fail,E0107\nstruct Foo<T> { x: T }\n\nstruct Bar { x: Foo }             // error: wrong number of type arguments:\n                                  //        expected 1, found 0\nstruct Baz<S, T> { x: Foo<S, T> } // error: wrong number of type arguments:\n                                  //        expected 1, found 2\n\nfn foo<T, U>(x: T, y: U) {}\nfn f() {}\n\nfn main() {\n    let x: bool = true;\n    foo::<bool>(x);                 // error: wrong number of type arguments:\n                                    //        expected 2, found 1\n    foo::<bool, i32, i32>(x, 2, 4); // error: wrong number of type arguments:\n                                    //        expected 2, found 3\n    f::<'static>();                 // error: wrong number of lifetime arguments\n                                    //        expected 0, found 1\n}\n```\n\nWhen using/declaring an item with generic arguments, you must provide the exact\nsame number:\n\n```\nstruct Foo<T> { x: T }\n\nstruct Bar<T> { x: Foo<T> }               // ok!\nstruct Baz<S, T> { x: Foo<S>, y: Foo<T> } // ok!\n\nfn foo<T, U>(x: T, y: U) {}\nfn f() {}\n\nfn main() {\n    let x: bool = true;\n    foo::<bool, u32>(x, 12);              // ok!\n    f();                                  // ok!\n}\n```\n"},"level":"error","spans":[{"file_name":"src/error.rs","byte_start":1065,"byte_end":1071,"line_start":45,"line_end":45,"column_start":40,"column_end":46,"is_primary":true,"text":[{"text":"    fn recoverable(self, msg: &str) -> Result<T> {","highlight_start":40,"highlight_end":46}],"label":"expected 2 generic arguments","suggested_replacement":null,"suggestion_applicability":null,"expansion":null},{"file_name":"src/error.rs","byte_start":1072,"byte_end":1073,"line_start":45,"line_end":45,"column_start":47,"column_end":48,"is_primary":false,"text":[{"text":"    fn recoverable(self, msg: &str) -> Result<T> {","highlight_start":47,"highlight_end":48}],"label":"supplied 1 generic argument","suggested_replacement":null,"suggestion_applicability":null,"expansion":null}],"children":[{"message":"enum defined here, with 2 generic parameters: `T`, `E`","code":null,"level":"note","spans":[{"file_name":"/home/skootsky/.rustup/toolchains/stable-x86_64-unknown-linux-gnu/lib/rustlib/src/rust/library/core/src/result.rs","byte_start":21237,"byte_end":21238,"line_start":557,"line_end":557,"column_start":17,"column_end":18,"is_primary":false,"text":[{"text":"pub enum Result<T, E> {","highlight_start":17,"highlight_end":18}],"label":"","suggested_replacement":null,"suggestion_applicability":null,"expansion":null},{"file_name":"/home/skootsky/.rustup/toolchains/stable-x86_64-unknown-linux-gnu/lib/rustlib/src/rust/library/core/src/result.rs","byte_start":21240,"byte_end":21241,"line_start":557,"line_end":557,"column_start":20,"column_end":21,"is_primary":false,"text":[{"text":"pub enum Result<T, E> {","highlight_start":20,"highlight_end":21}],"label":"","suggested_replacement":null,"suggestion_applicability":null,"expansion":null},{"file_name":"/home/skootsky/.rustup/toolchains/stable-x86_64-unknown-linux-gnu/lib/rustlib/src/rust/library/core/src/result.rs","byte_start":21230,"byte_end":21236,"line_start":557,"line_end":557,"column_start":10,"column_end":16,"is_primary":true,"text":[{"text":"pub enum Result<T, E> {","highlight_start":10,"highlight_end":16}],"label":null,"suggested_replacement":null,"suggestion_applicability":null,"expansion":null}],"children":[],"rendered":null},{"message":"add missing generic argument","code":null,"level":"help","spans":[{"file_name":"src/error.rs","byte_start":1073,"byte_end":1073,"line_start":45,"line_end":45,"column_start":48,"column_end":48,"is_primary":true,"text":[{"text":"    fn recoverable(self, msg: &str) -> Result<T> {","highlight_start":48,"highlight_end":48}],"label":null,"suggested_replacement":", E","suggestion_applicability":"HasPlaceholders","expansion":null}],"children":[],"rendered":null}],"rendered":"\u001b[1m\u001b[91merror[E0107]\u001b[0m\u001b[1m: enum takes 2 generic arguments but 1 generic argument was supplied\u001b[0m\n   \u001b[1m\u001b[94m--> \u001b[0msrc/error.rs:45:40\n    \u001b[1m\u001b[94m|\u001b[0m\n \u001b[1m\u001b[94m45\u001b[0m \u001b[1m\u001b[94m|\u001b[0m     fn recoverable(self, msg: &str) -> Result<T> {\n    \u001b[1m\u001b[94m|\u001b[0m                                        \u001b[1m\u001b[91m^^^^^^\u001b[0m \u001b[1m\u001b[94m-\u001b[0m \u001b[1m\u001b[94msupplied 1 generic argument\u001b[0m\n    \u001b[1m\u001b[94m|\u001b[0m                                        \u001b[1m\u001b[91m|\u001b[0m\n    \u001b[1m\u001b[94m|\u001b[0m                                        \u001b[1m\u001b[91mexpected 2 generic arguments\u001b[0m\n    \u001b[1m\u001b[94m|\u001b[0m\n\u001b[1m\u001b[92mnote\u001b[0m: enum defined here, with 2 generic parameters: `T`, `E`\n   \u001b[1m\u001b[94m--> \u001b[0m/home/skootsky/.rustup/toolchains/stable-x86_64-unknown-linux-gnu/lib/rustlib/src/rust/library/core/src/result.rs:557:10\n    \u001b[1m\u001b[94m|\u001b[0m\n\u001b[1m\u001b[94m557\u001b[0m \u001b[1m\u001b[94m|\u001b[0m pub enum Result<T, E> {\n    \u001b[1m\u001b[94m|\u001b[0m          \u001b[1m\u001b[92m^^^^^^\u001b[0m \u001b[1m\u001b[94m-\u001b[0m  \u001b[1m\u001b[94m-\u001b[0m\n\u001b[1m\u001b[96mhelp\u001b[0m: add missing generic argument\n    \u001b[1m\u001b[94m|\u001b[0m\n \u001b[1m\u001b[94m45\u001b[0m \u001b[1m\u001b[94m| \u001b[0m    fn recoverable(self, msg: &str) -> Result<T\u001b[92m, E\u001b[0m> {\n    \u001b[1m\u001b[94m|\u001b[0m                                                \u001b[92m+++\u001b[0m\n\n"}
{"$message_type":"diagnostic","message":"enum takes 2 generic arguments but 1 generic argument was supplied","code":{"code":"E0107","explanation":"An incorrect number of generic arguments was provided.\n\nErroneous code example:\n\n```compile_fail,E0107\nstruct Foo<T> { x: T }\n\nstruct Bar { x: Foo }             // error: wrong number of type arguments:\n                                  //        expected 1, found 0\nstruct Baz<S, T> { x: Foo<S, T> } // error: wrong number of type arguments:\n                                  //        expected 1, found 2\n\nfn foo<T, U>(x: T, y: U) {}\nfn f() {}\n\nfn main() {\n    let x: bool = true;\n    foo::<bool>(x);                 // error: wrong number of type arguments:\n                                    //        expected 2, found 1\n    foo::<bool, i32, i32>(x, 2, 4); // error: wrong number of type arguments:\n                                    //        expected 2, found 3\n    f::<'static>();                 // error: wrong number of lifetime arguments\n                                    //        expected 0, found 1\n}\n```\n\nWhen using/declaring an item with generic arguments, you must provide the exact\nsame number:\n\n```\nstruct Foo<T> { x: T }\n\nstruct Bar<T> { x: Foo<T> }               // ok!\nstruct Baz<S, T> { x: Foo<S>, y: Foo<T> } // ok!\n\nfn foo<T, U>(x: T, y: U) {}\nfn f() {}\n\nfn main() {\n    let x: bool = true;\n    foo::<bool, u32>(x, 12);              // ok!\n    f();                                  // ok!\n}\n```\n"},"level":"error","spans":[{"file_name":"src/error.rs","byte_start":907,"byte_end":913,"line_start":40,"line_end":40,"column_start":40,"column_end":46,"is_primary":true,"text":[{"text":"    fn recoverable(self, msg: &str) -> Result<T>;","highlight_start":40,"highlight_end":46}],"label":"expected 2 generic arguments","suggested_replacement":null,"suggestion_applicability":null,"expansion":null},{"file_name":"src/error.rs","byte_start":914,"byte_end":915,"line_start":40,"line_end":40,"column_start":47,"column_end":48,"is_primary":false,"text":[{"text":"    fn recoverable(self, msg: &str) -> Result<T>;","highlight_start":47,"highlight_end":48}],"label":"supplied 1 generic argument","suggested_replacement":null,"suggestion_applicability":null,"expansion":null}],"children":[{"message":"enum defined here, with 2 generic parameters: `T`, `E`","code":null,"level":"note","spans":[{"file_name":"/home/skootsky/.rustup/toolchains/stable-x86_64-unknown-linux-gnu/lib/rustlib/src/rust/library/core/src/result.rs","byte_start":21237,"byte_end":21238,"line_start":557,"line_end":557,"column_start":17,"column_end":18,"is_primary":false,"text":[{"text":"pub enum Result<T, E> {","highlight_start":17,"highlight_end":18}],"label":"","suggested_replacement":null,"suggestion_applicability":null,"expansion":null},{"file_name":"/home/skootsky/.rustup/toolchains/stable-x86_64-unknown-linux-gnu/lib/rustlib/src/rust/library/core/src/result.rs","byte_start":21240,"byte_end":21241,"line_start":557,"line_end":557,"column_start":20,"column_end":21,"is_primary":false,"text":[{"text":"pub enum Result<T, E> {","highlight_start":20,"highlight_end":21}],"label":"","suggested_replacement":null,"suggestion_applicability":null,"expansion":null},{"file_name":"/home/skootsky/.rustup/toolchains/stable-x86_64-unknown-linux-gnu/lib/rustlib/src/rust/library/core/src/result.rs","byte_start":21230,"byte_end":21236,"line_start":557,"line_end":557,"column_start":10,"column_end":16,"is_primary":true,"text":[{"text":"pub enum Result<T, E> {","highlight_start":10,"highlight_end":16}],"label":null,"suggested_replacement":null,"suggestion_applicability":null,"expansion":null}],"children":[],"rendered":null},{"message":"add missing generic argument","code":null,"level":"help","spans":[{"file_name":"src/error.rs","byte_start":915,"byte_end":915,"line_start":40,"line_end":40,"column_start":48,"column_end":48,"is_primary":true,"text":[{"text":"    fn recoverable(self, msg: &str) -> Result<T>;","highlight_start":48,"highlight_end":48}],"label":null,"suggested_replacement":", E","suggestion_applicability":"HasPlaceholders","expansion":null}],"children":[],"rendered":null}],"rendered":"\u001b[1m\u001b[91merror[E0107]\u001b[0m\u001b[1m: enum takes 2 generic arguments but 1 generic argument was supplied\u001b[0m\n   \u001b[1m\u001b[94m--> \u001b[0msrc/error.rs:40:40\n    \u001b[1m\u001b[94m|\u001b[0m\n \u001b[1m\u001b[94m40\u001b[0m \u001b[1m\u001b[94m|\u001b[0m     fn recoverable(self, msg: &str) -> Result<T>;\n    \u001b[1m\u001b[94m|\u001b[0m                                        \u001b[1m\u001b[91m^^^^^^\u001b[0m \u001b[1m\u001b[94m-\u001b[0m \u001b[1m\u001b[94msupplied 1 generic argument\u001b[0m\n    \u001b[1m\u001b[94m|\u001b[0m                                        \u001b[1m\u001b[91m|\u001b[0m\n    \u001b[1m\u001b[94m|\u001b[0m                                        \u001b[1m\u001b[91mexpected 2 generic arguments\u001b[0m\n    \u001b[1m\u001b[94m|\u001b[0m\n\u001b[1m\u001b[92mnote\u001b[0m: enum defined here, with 2 generic parameters: `T`, `E`\n   \u001b[1m\u001b[94m--> \u001b[0m/home/skootsky/.rustup/toolchains/stable-x86_64-unknown-linux-gnu/lib/rustlib/src/rust/library/core/src/result.rs:557:10\n    \u001b[1m\u001b[94m|\u001b[0m\n\u001b[1m\u001b[94m557\u001b[0m \u001b[1m\u001b[94m|\u001b[0m pub enum Result<T, E> {\n    \u001b[1m\u001b[94m|\u001b[0m          \u001b[1m\u001b[92m^^^^^^\u001b[0m \u001b[1m\u001b[94m-\u001b[0m  \u001b[1m\u001b[94m-\u001b[0m\n\u001b[1m\u001b[96mhelp\u001b[0m: add missing generic argument\n    \u001b[1m\u001b[94m|\u001b[0m\n \u001b[1m\u001b[94m40\u001b[0m \u001b[1m\u001b[94m| \u001b[0m    fn recoverable(self, msg: &str) -> Result<T\u001b[92m, E\u001b[0m>;\n    \u001b[1m\u001b[94m|\u001b[0m                                                \u001b[92m+++\u001b[0m\n\n"}
{"$message_type":"diagnostic","message":"enum takes 2 generic arguments but 1 generic argument was supplied","code":{"code":"E0107","explanation":"An incorrect number of generic arguments was provided.\n\nErroneous code example:\n\n```compile_fail,E0107\nstruct Foo<T> { x: T }\n\nstruct Bar { x: Foo }             // error: wrong number of type arguments:\n                                  //        expected 1, found 0\nstruct Baz<S, T> { x: Foo<S, T> } // error: wrong number of type arguments:\n                                  //        expected 1, found 2\n\nfn foo<T, U>(x: T, y: U) {}\nfn f() {}\n\nfn main() {\n    let x: bool = true;\n    foo::<bool>(x);                 // error: wrong number of type arguments:\n                                    //        expected 2, found 1\n    foo::<bool, i32, i32>(x, 2, 4); // error: wrong number of type arguments:\n                                    //        expected 2, found 3\n    f::<'static>();                 // error: wrong number of lifetime arguments\n                                    //        expected 0, found 1\n}\n```\n\nWhen using/declaring an item with generic arguments, you must provide the exact\nsame number:\n\n```\nstruct Foo<T> { x: T }\n\nstruct Bar<T> { x: Foo<T> }               // ok!\nstruct Baz<S, T> { x: Foo<S>, y: Foo<T> } // ok!\n\nfn foo<T, U>(x: T, y: U) {}\nfn f() {}\n\nfn main() {\n    let x: bool = true;\n    foo::<bool, u32>(x, 12);              // ok!\n    f();                                  // ok!\n}\n```\n"},"level":"error","spans":[{"file_name":"src/error.rs","byte_start":1170,"byte_end":1176,"line_start":49,"line_end":49,"column_start":34,"column_end":40,"is_primary":true,"text":[{"text":"    fn fatal(self, msg: &str) -> Result<T> {","highlight_start":34,"highlight_end":40}],"label":"expected 2 generic arguments","suggested_replacement":null,"suggestion_applicability":null,"expansion":null},{"file_name":"src/error.rs","byte_start":1177,"byte_end":1178,"line_start":49,"line_end":49,"column_start":41,"column_end":42,"is_primary":false,"text":[{"text":"    fn fatal(self, msg: &str) -> Result<T> {","highlight_start":41,"highlight_end":42}],"label":"supplied 1 generic argument","suggested_replacement":null,"suggestion_applicability":null,"expansion":null}],"children":[{"message":"enum defined here, with 2 generic parameters: `T`, `E`","code":null,"level":"note","spans":[{"file_name":"/home/skootsky/.rustup/toolchains/stable-x86_64-unknown-linux-gnu/lib/rustlib/src/rust/library/core/src/result.rs","byte_start":21237,"byte_end":21238,"line_start":557,"line_end":557,"column_start":17,"column_end":18,"is_primary":false,"text":[{"text":"pub enum Result<T, E> {","highlight_start":17,"highlight_end":18}],"label":"","suggested_replacement":null,"suggestion_applicability":null,"expansion":null},{"file_name":"/home/skootsky/.rustup/toolchains/stable-x86_64-unknown-linux-gnu/lib/rustlib/src/rust/library/core/src/result.rs","byte_start":21240,"byte_end":21241,"line_start":557,"line_end":557,"column_start":20,"column_end":21,"is_primary":false,"text":[{"text":"pub enum Result<T, E> {","highlight_start":20,"highlight_end":21}],"label":"","suggested_replacement":null,"suggestion_applicability":null,"expansion":null},{"file_name":"/home/skootsky/.rustup/toolchains/stable-x86_64-unknown-linux-gnu/lib/rustlib/src/rust/library/core/src/result.rs","byte_start":21230,"byte_end":21236,"line_start":557,"line_end":557,"column_start":10,"column_end":16,"is_primary":true,"text":[{"text":"pub enum Result<T, E> {","highlight_start":10,"highlight_end":16}],"label":null,"suggested_replacement":null,"suggestion_applicability":null,"expansion":null}],"children":[],"rendered":null},{"message":"add missing generic argument","code":null,"level":"help","spans":[{"file_name":"src/error.rs","byte_start":1178,"byte_end":1178,"line_start":49,"line_end":49,"column_start":42,"column_end":42,"is_primary":true,"text":[{"text":"    fn fatal(self, msg: &str) -> Result<T> {","highlight_start":42,"highlight_end":42}],"label":null,"suggested_replacement":", E","suggestion_applicability":"HasPlaceholders","expansion":null}],"children":[],"rendered":null}],"rendered":"\u001b[1m\u001b[91merror[E0107]\u001b[0m\u001b[1m: enum takes 2 generic arguments but 1 generic argument was supplied\u001b[0m\n   \u001b[1m\u001b[94m--> \u001b[0msrc/error.rs:49:34\n    \u001b[1m\u001b[94m|\u001b[0m\n \u001b[1m\u001b[94m49\u001b[0m \u001b[1m\u001b[94m|\u001b[0m     fn fatal(self, msg: &str) -> Result<T> {\n    \u001b[1m\u001b[94m|\u001b[0m                                  \u001b[1m\u001b[91m^^^^^^\u001b[0m \u001b[1m\u001b[94m-\u001b[0m \u001b[1m\u001b[94msupplied 1 generic argument\u001b[0m\n    \u001b[1m\u001b[94m|\u001b[0m                                  \u001b[1m\u001b[91m|\u001b[0m\n    \u001b[1m\u001b[94m|\u001b[0m                                  \u001b[1m\u001b[91mexpected 2 generic arguments\u001b[0m\n    \u001b[1m\u001b[94m|\u001b[0m\n\u001b[1m\u001b[92mnote\u001b[0m: enum defined here, with 2 generic parameters: `T`, `E`\n   \u001b[1m\u001b[94m--> \u001b[0m/home/skootsky/.rustup/toolchains/stable-x86_64-unknown-linux-gnu/lib/rustlib/src/rust/library/core/src/result.rs:557:10\n    \u001b[1m\u001b[94m|\u001b[0m\n\u001b[1m\u001b[94m557\u001b[0m \u001b[1m\u001b[94m|\u001b[0m pub enum Result<T, E> {\n    \u001b[1m\u001b[94m|\u001b[0m          \u001b[1m\u001b[92m^^^^^^\u001b[0m \u001b[1m\u001b[94m-\u001b[0m  \u001b[1m\u001b[94m-\u001b[0m\n\u001b[1m\u001b[96mhelp\u001b[0m: add missing generic argument\n    \u001b[1m\u001b[94m|\u001b[0m\n \u001b[1m\u001b[94m49\u001b[0m \u001b[1m\u001b[94m| \u001b[0m    fn fatal(self, msg: &str) -> Result<T\u001b[92m, E\u001b[0m> {\n    \u001b[1m\u001b[94m|\u001b[0m                                          \u001b[92m+++\u001b[0m\n\n"}
{"$message_type":"diagnostic","message":"enum takes 2 generic arguments but 1 generic argument was supplied","code":{"code":"E0107","explanation":"An incorrect number of generic arguments was provided.\n\nErroneous code example:\n\n```compile_fail,E0107\nstruct Foo<T> { x: T }\n\nstruct Bar { x: Foo }             // error: wrong number of type arguments:\n                                  //        expected 1, found 0\nstruct Baz<S, T> { x: Foo<S, T> } // error: wrong number of type arguments:\n                                  //        expected 1, found 2\n\nfn foo<T, U>(x: T, y: U) {}\nfn f() {}\n\nfn main() {\n    let x: bool = true;\n    foo::<bool>(x);                 // error: wrong number of type arguments:\n                                    //        expected 2, found 1\n    foo::<bool, i32, i32>(x, 2, 4); // error: wrong number of type arguments:\n                                    //        expected 2, found 3\n    f::<'static>();                 // error: wrong number of lifetime arguments\n                                    //        expected 0, found 1\n}\n```\n\nWhen using/declaring an item with generic arguments, you must provide the exact\nsame number:\n\n```\nstruct Foo<T> { x: T }\n\nstruct Bar<T> { x: Foo<T> }               // ok!\nstruct Baz<S, T> { x: Foo<S>, y: Foo<T> } // ok!\n\nfn foo<T, U>(x: T, y: U) {}\nfn f() {}\n\nfn main() {\n    let x: bool = true;\n    foo::<bool, u32>(x, 12);              // ok!\n    f();                                  // ok!\n}\n```\n"},"level":"error","spans":[{"file_name":"src/error.rs","byte_start":951,"byte_end":957,"line_start":41,"line_end":41,"column_start":34,"column_end":40,"is_primary":true,"text":[{"text":"    fn fatal(self, msg: &str) -> Result<T>;","highlight_start":34,"highlight_end":40}],"label":"expected 2 generic arguments","suggested_replacement":null,"suggestion_applicability":null,"expansion":null},{"file_name":"src/error.rs","byte_start":958,"byte_end":959,"line_start":41,"line_end":41,"column_start":41,"column_end":42,"is_primary":false,"text":[{"text":"    fn fatal(self, msg: &str) -> Result<T>;","highlight_start":41,"highlight_end":42}],"label":"supplied 1 generic argument","suggested_replacement":null,"suggestion_applicability":null,"expansion":null}],"children":[{"message":"enum defined here, with 2 generic parameters: `T`, `E`","code":null,"level":"note","spans":[{"file_name":"/home/skootsky/.rustup/toolchains/stable-x86_64-unknown-linux-gnu/lib/rustlib/src/rust/library/core/src/result.rs","byte_start":21237,"byte_end":21238,"line_start":557,"line_end":557,"column_start":17,"column_end":18,"is_primary":false,"text":[{"text":"pub enum Result<T, E> {","highlight_start":17,"highlight_end":18}],"label":"","suggested_replacement":null,"suggestion_applicability":null,"expansion":null},{"file_name":"/home/skootsky/.rustup/toolchains/stable-x86_64-unknown-linux-gnu/lib/rustlib/src/rust/library/core/src/result.rs","byte_start":21240,"byte_end":21241,"line_start":557,"line_end":557,"column_start":20,"column_end":21,"is_primary":false,"text":[{"text":"pub enum Result<T, E> {","highlight_start":20,"highlight_end":21}],"label":"","suggested_replacement":null,"suggestion_applicability":null,"expansion":null},{"file_name":"/home/skootsky/.rustup/toolchains/stable-x86_64-unknown-linux-gnu/lib/rustlib/src/rust/library/core/src/result.rs","byte_start":21230,"byte_end":21236,"line_start":557,"line_end":557,"column_start":10,"column_end":16,"is_primary":true,"text":[{"text":"pub enum Result<T, E> {","highlight_start":10,"highlight_end":16}],"label":null,"suggested_replacement":null,"suggestion_applicability":null,"expansion":null}],"children":[],"rendered":null},{"message":"add missing generic argument","code":null,"level":"help","spans":[{"file_name":"src/error.rs","byte_start":959,"byte_end":959,"line_start":41,"line_end":41,"column_start":42,"column_end":42,"is_primary":true,"text":[{"text":"    fn fatal(self, msg: &str) -> Result<T>;","highlight_start":42,"highlight_end":42}],"label":null,"suggested_replacement":", E","suggestion_applicability":"HasPlaceholders","expansion":null}],"children":[],"rendered":null}],"rendered":"\u001b[1m\u001b[91merror[E0107]\u001b[0m\u001b[1m: enum takes 2 generic arguments but 1 generic argument was supplied\u001b[0m\n   \u001b[1m\u001b[94m--> \u001b[0msrc/error.rs:41:34\n    \u001b[1m\u001b[94m|\u001b[0m\n \u001b[1m\u001b[94m41\u001b[0m \u001b[1m\u001b[94m|\u001b[0m     fn fatal(self, msg: &str) -> Result<T>;\n    \u001b[1m\u001b[94m|\u001b[0m                                  \u001b[1m\u001b[91m^^^^^^\u001b[0m \u001b[1m\u001b[94m-\u001b[0m \u001b[1m\u001b[94msupplied 1 generic argument\u001b[0m\n    \u001b[1m\u001b[94m|\u001b[0m                                  \u001b[1m\u001b[91m|\u001b[0m\n    \u001b[1m\u001b[94m|\u001b[0m                                  \u001b[1m\u001b[91mexpected 2 generic arguments\u001b[0m\n    \u001b[1m\u001b[94m|\u001b[0m\n\u001b[1m\u001b[92mnote\u001b[0m: enum defined here, with 2 generic parameters: `T`, `E`\n   \u001b[1m\u001b[94m--> \u001b[0m/home/skootsky/.rustup/toolchains/stable-x86_64-unknown-linux-gnu/lib/rustlib/src/rust/library/core/src/result.rs:557:10\n    \u001b[1m\u001b[94m|\u001b[0m\n\u001b[1m\u001b[94m557\u001b[0m \u001b[1m\u001b[94m|\u001b[0m pub enum Result<T, E> {\n    \u001b[1m\u001b[94m|\u001b[0m          \u001b[1m\u001b[92m^^^^^^\u001b[0m \u001b[1m\u001b[94m-\u001b[0m  \u001b[1m\u001b[94m-\u001b[0m\n\u001b[1m\u001b[96mhelp\u001b[0m: add missing generic argument\n    \u001b[1m\u001b[94m|\u001b[0m\n \u001b[1m\u001b[94m41\u001b[0m \u001b[1m\u001b[94m| \u001b[0m    fn fatal(self, msg: &str) -> Result<T\u001b[92m, E\u001b[0m>;\n    \u001b[1m\u001b[94m|\u001b[0m                                          \u001b[92m+++\u001b[0m\n\n"}
{"$message_type":"diagnostic","message":"no method named `parse` found for struct `Oid` in the current scope","code":{"code":"E0599","explanation":"This error occurs when a method is used on a type which doesn't implement it:\n\nErroneous code example:\n\n```compile_fail,E0599\nstruct Mouth;\n\nlet x = Mouth;\nx.chocolate(); // error: no method named `chocolate` found for type `Mouth`\n               //        in the current scope\n```\n\nIn this case, you need to implement the `chocolate` method to fix the error:\n\n```\nstruct Mouth;\n\nimpl Mouth {\n    fn chocolate(&self) { // We implement the `chocolate` method here.\n        println!(\"Hmmm! I love chocolate!\");\n    }\n}\n\nlet x = Mouth;\nx.chocolate(); // ok!\n```\n"},"level":"error","spans":[{"file_name":"src/git/mod.rs","byte_start":283,"byte_end":435,"line_start":9,"line_end":14,"column_start":5,"column_end":10,"is_primary":false,"text":[{"text":"    repo.head()","highlight_start":5,"highlight_end":16},{"text":"        .context(\"Failed to get HEAD\")?","highlight_start":1,"highlight_end":40},{"text":"        .peel_to_commit()","highlight_start":1,"highlight_end":26},{"text":"        .context(\"Failed to peel HEAD to commit\")?","highlight_start":1,"highlight_end":51},{"text":"        .id()","highlight_start":1,"highlight_end":14},{"text":"        .parse::<Oid>()","highlight_start":1,"highlight_end":10}],"label":"","suggested_replacement":null,"suggestion_applicability":null,"expansion":null},{"file_name":"src/git/mod.rs","byte_start":435,"byte_end":440,"line_start":14,"line_end":14,"column_start":10,"column_end":15,"is_primary":true,"text":[{"text":"        .parse::<Oid>()","highlight_start":10,"highlight_end":15}],"label":"method not found in `Oid`","suggested_replacement":null,"suggestion_applicability":null,"expansion":null}],"children":[],"rendered":"\u001b[1m\u001b[91merror[E0599]\u001b[0m\u001b[1m: no method named `parse` found for struct `Oid` in the current scope\u001b[0m\n  \u001b[1m\u001b[94m--> \u001b[0msrc/git/mod.rs:14:10\n   \u001b[1m\u001b[94m|\u001b[0m\n \u001b[1m\u001b[94m9\u001b[0m \u001b[1m\u001b[94m|\u001b[0m \u001b[1m\u001b[94m/\u001b[0m     repo.head()\n\u001b[1m\u001b[94m10\u001b[0m \u001b[1m\u001b[94m|\u001b[0m \u001b[1m\u001b[94m|\u001b[0m         .context(\"Failed to get HEAD\")?\n\u001b[1m\u001b[94m11\u001b[0m \u001b[1m\u001b[94m|\u001b[0m \u001b[1m\u001b[94m|\u001b[0m         .peel_to_commit()\n\u001b[1m\u001b[94m12\u001b[0m \u001b[1m\u001b[94m|\u001b[0m \u001b[1m\u001b[94m|\u001b[0m         .context(\"Failed to peel HEAD to commit\")?\n\u001b[1m\u001b[94m13\u001b[0m \u001b[1m\u001b[94m|\u001b[0m \u001b[1m\u001b[94m|\u001b[0m         .id()\n\u001b[1m\u001b[94m14\u001b[0m \u001b[1m\u001b[94m|\u001b[0m \u001b[1m\u001b[94m|\u001b[0m         .parse::<Oid>()\n   \u001b[1m\u001b[94m|\u001b[0m \u001b[1m\u001b[94m|\u001b[0m         \u001b[1m\u001b[94m-\u001b[0m\u001b[1m\u001b[91m^^^^^\u001b[0m \u001b[1m\u001b[91mmethod not found in `Oid`\u001b[0m\n   \u001b[1m\u001b[94m|\u001b[0m \u001b[1m\u001b[94m|_________|\u001b[0m\n   \u001b[1m\u001b[94m|\u001b[0m\n\n"}
{"$message_type":"diagnostic","message":"no method named `update_head` found for struct `FetchOptions<'cb>` in the current scope","code":{"code":"E0599","explanation":"This error occurs when a method is used on a type which doesn't implement it:\n\nErroneous code example:\n\n```compile_fail,E0599\nstruct Mouth;\n\nlet x = Mouth;\nx.chocolate(); // error: no method named `chocolate` found for type `Mouth`\n               //        in the current scope\n```\n\nIn this case, you need to implement the `chocolate` method to fix the error:\n\n```\nstruct Mouth;\n\nimpl Mouth {\n    fn chocolate(&self) { // We implement the `chocolate` method here.\n        println!(\"Hmmm! I love chocolate!\");\n    }\n}\n\nlet x = Mouth;\nx.chocolate(); // ok!\n```\n"},"level":"error","spans":[{"file_name":"src/git/mod.rs","byte_start":1939,"byte_end":1950,"line_start":59,"line_end":59,"column_start":16,"column_end":27,"is_primary":true,"text":[{"text":"    fetch_opts.update_head(false);","highlight_start":16,"highlight_end":27}],"label":null,"suggested_replacement":null,"suggestion_applicability":null,"expansion":null}],"children":[{"message":"there is a method `update_fetchhead` with a similar name","code":null,"level":"help","spans":[{"file_name":"src/git/mod.rs","byte_start":1939,"byte_end":1950,"line_start":59,"line_end":59,"column_start":16,"column_end":27,"is_primary":true,"text":[{"text":"    fetch_opts.update_head(false);","highlight_start":16,"highlight_end":27}],"label":null,"suggested_replacement":"update_fetchhead","suggestion_applicability":"MaybeIncorrect","expansion":null}],"children":[],"rendered":null}],"rendered":"\u001b[1m\u001b[91merror[E0599]\u001b[0m\u001b[1m: no method named `update_head` found for struct `FetchOptions<'cb>` in the current scope\u001b[0m\n  \u001b[1m\u001b[94m--> \u001b[0msrc/git/mod.rs:59:16\n   \u001b[1m\u001b[94m|\u001b[0m\n\u001b[1m\u001b[94m59\u001b[0m \u001b[1m\u001b[94m|\u001b[0m     fetch_opts.update_head(false);\n   \u001b[1m\u001b[94m|\u001b[0m                \u001b[1m\u001b[91m^^^^^^^^^^^\u001b[0m\n   \u001b[1m\u001b[94m|\u001b[0m\n\u001b[1m\u001b[96mhelp\u001b[0m: there is a method `update_fetchhead` with a similar name\n   \u001b[1m\u001b[94m|\u001b[0m\n\u001b[1m\u001b[94m59\u001b[0m \u001b[1m\u001b[94m| \u001b[0m    fetch_opts.update_\u001b[92mfetch\u001b[0mhead(false);\n   \u001b[1m\u001b[94m|\u001b[0m                       \u001b[92m+++++\u001b[0m\n\n"}
{"$message_type":"diagnostic","message":"this method takes 4 arguments but 1 argument was supplied","code":{"code":"E0061","explanation":"An invalid number of arguments was passed when calling a function.\n\nErroneous code example:\n\n```compile_fail,E0061\nfn f(u: i32) {}\n\nf(); // error!\n```\n\nThe number of arguments passed to a function must match the number of arguments\nspecified in the function signature.\n\nFor example, a function like:\n\n```\nfn f(a: u16, b: &str) {}\n```\n\nMust always be called with exactly two arguments, e.g., `f(2, \"test\")`.\n\nNote that Rust does not have a notion of optional function arguments or\nvariadic functions (except for its C-FFI).\n"},"level":"error","spans":[{"file_name":"src/git/mod.rs","byte_start":2434,"byte_end":2444,"line_start":77,"line_end":77,"column_start":30,"column_end":40,"is_primary":false,"text":[{"text":"    let ref_ = repo.reference(ref_name)?;","highlight_start":30,"highlight_end":40}],"label":"three arguments of type `Oid`, `bool`, and `&str` are missing","suggested_replacement":null,"suggestion_applicability":null,"expansion":null},{"file_name":"src/git/mod.rs","byte_start":2425,"byte_end":2434,"line_start":77,"line_end":77,"column_start":21,"column_end":30,"is_primary":true,"text":[{"text":"    let ref_ = repo.reference(ref_name)?;","highlight_start":21,"highlight_end":30}],"label":null,"suggested_replacement":null,"suggestion_applicability":null,"expansion":null}],"children":[{"message":"method defined here","code":null,"level":"note","spans":[{"file_name":"/home/skootsky/.cargo/registry/src/index.crates.io-1949cf8c6b5b557f/git2-0.18.3/src/repo.rs","byte_start":53519,"byte_end":53528,"line_start":1485,"line_end":1485,"column_start":12,"column_end":21,"is_primary":true,"text":[{"text":"    pub fn reference(","highlight_start":12,"highlight_end":21}],"label":null,"suggested_replacement":null,"suggestion_applicability":null,"expansion":null}],"children":[],"rendered":null},{"message":"provide the arguments","code":null,"level":"help","spans":[{"file_name":"src/git/mod.rs","byte_start":2434,"byte_end":2444,"line_start":77,"line_end":77,"column_start":30,"column_end":40,"is_primary":true,"text":[{"text":"    let ref_ = repo.reference(ref_name)?;","highlight_start":30,"highlight_end":40}],"label":null,"suggested_replacement":"(ref_name, /* Oid */, /* bool */, /* &str */)","suggestion_applicability":"HasPlaceholders","expansion":null}],"children":[],"rendered":null}],"rendered":"\u001b[1m\u001b[91merror[E0061]\u001b[0m\u001b[1m: this method takes 4 arguments but 1 argument was supplied\u001b[0m\n    \u001b[1m\u001b[94m--> \u001b[0msrc/git/mod.rs:77:21\n     \u001b[1m\u001b[94m|\u001b[0m\n  \u001b[1m\u001b[94m77\u001b[0m \u001b[1m\u001b[94m|\u001b[0m     let ref_ = repo.reference(ref_name)?;\n     \u001b[1m\u001b[94m|\u001b[0m                     \u001b[1m\u001b[91m^^^^^^^^^\u001b[0m\u001b[1m\u001b[94m----------\u001b[0m \u001b[1m\u001b[94mthree arguments of type `Oid`, `bool`, and `&str` are missing\u001b[0m\n     \u001b[1m\u001b[94m|\u001b[0m\n\u001b[1m\u001b[92mnote\u001b[0m: method defined here\n    \u001b[1m\u001b[94m--> \u001b[0m/home/skootsky/.cargo/registry/src/index.crates.io-1949cf8c6b5b557f/git2-0.18.3/src/repo.rs:1485:12\n     \u001b[1m\u001b[94m|\u001b[0m\n\u001b[1m\u001b[94m1485\u001b[0m \u001b[1m\u001b[94m|\u001b[0m     pub fn reference(\n     \u001b[1m\u001b[94m|\u001b[0m            \u001b[1m\u001b[92m^^^^^^^^^\u001b[0m\n\u001b[1m\u001b[96mhelp\u001b[0m: provide the arguments\n     \u001b[1m\u001b[94m|\u001b[0m\n  \u001b[1m\u001b[94m77\u001b[0m \u001b[1m\u001b[94m| \u001b[0m    let ref_ = repo.reference(ref_name\u001b[92m, /* Oid */, /* bool */, /* &str */\u001b[0m)?;\n     \u001b[1m\u001b[94m|\u001b[0m                                       \u001b[92m+++++++++++++++++++++++++++++++++++\u001b[0m\n\n"}
{"$message_type":"diagnostic","message":"mismatched types","code":{"code":"E0308","explanation":"Expected type did not match the received type.\n\nErroneous code examples:\n\n```compile_fail,E0308\nfn plus_one(x: i32) -> i32 {\n    x + 1\n}\n\nplus_one(\"Not a number\");\n//       ^^^^^^^^^^^^^^ expected `i32`, found `&str`\n\nif \"Not a bool\" {\n// ^^^^^^^^^^^^ expected `bool`, found `&str`\n}\n\nlet x: f32 = \"Not a float\";\n//     ---   ^^^^^^^^^^^^^ expected `f32`, found `&str`\n//     |\n//     expected due to this\n```\n\nThis error occurs when an expression was used in a place where the compiler\nexpected an expression of a different type. It can occur in several cases, the\nmost common being when calling a function and passing an argument which has a\ndifferent type than the matching type in the function declaration.\n"},"level":"error","spans":[{"file_name":"src/config.rs","byte_start":292,"byte_end":302,"line_start":13,"line_end":13,"column_start":19,"column_end":29,"is_primary":true,"text":[{"text":"        if let Ok(Some(name)) = config.get_string(\"user.weft-username\") {","highlight_start":19,"highlight_end":29}],"label":"expected `String`, found `Option<_>`","suggested_replacement":null,"suggestion_applicability":null,"expansion":null},{"file_name":"src/config.rs","byte_start":306,"byte_end":345,"line_start":13,"line_end":13,"column_start":33,"column_end":72,"is_primary":false,"text":[{"text":"        if let Ok(Some(name)) = config.get_string(\"user.weft-username\") {","highlight_start":33,"highlight_end":72}],"label":"this expression has type `Result<std::string::String, git2::Error>`","suggested_replacement":null,"suggestion_applicability":null,"expansion":null}],"children":[{"message":"expected struct `std::string::String`\n     found enum `Option<_>`","code":null,"level":"note","spans":[],"children":[],"rendered":null}],"rendered":"\u001b[1m\u001b[91merror[E0308]\u001b[0m\u001b[1m: mismatched types\u001b[0m\n  \u001b[1m\u001b[94m--> \u001b[0msrc/config.rs:13:19\n   \u001b[1m\u001b[94m|\u001b[0m\n\u001b[1m\u001b[94m13\u001b[0m \u001b[1m\u001b[94m|\u001b[0m         if let Ok(Some(name)) = config.get_string(\"user.weft-username\") {\n   \u001b[1m\u001b[94m|\u001b[0m                   \u001b[1m\u001b[91m^^^^^^^^^^\u001b[0m    \u001b[1m\u001b[94m---------------------------------------\u001b[0m \u001b[1m\u001b[94mthis expression has type `Result<std::string::String, git2::Error>`\u001b[0m\n   \u001b[1m\u001b[94m|\u001b[0m                   \u001b[1m\u001b[91m|\u001b[0m\n   \u001b[1m\u001b[94m|\u001b[0m                   \u001b[1m\u001b[91mexpected `String`, found `Option<_>`\u001b[0m\n   \u001b[1m\u001b[94m|\u001b[0m\n   \u001b[1m\u001b[94m= \u001b[0m\u001b[1mnote\u001b[0m: expected struct `\u001b[1m\u001b[35mstd::string::String\u001b[0m`\n                found enum `\u001b[1m\u001b[35mOption<_>\u001b[0m`\n\n"}
{"$message_type":"diagnostic","message":"mismatched types","code":{"code":"E0308","explanation":"Expected type did not match the received type.\n\nErroneous code examples:\n\n```compile_fail,E0308\nfn plus_one(x: i32) -> i32 {\n    x + 1\n}\n\nplus_one(\"Not a number\");\n//       ^^^^^^^^^^^^^^ expected `i32`, found `&str`\n\nif \"Not a bool\" {\n// ^^^^^^^^^^^^ expected `bool`, found `&str`\n}\n\nlet x: f32 = \"Not a float\";\n//     ---   ^^^^^^^^^^^^^ expected `f32`, found `&str`\n//     |\n//     expected due to this\n```\n\nThis error occurs when an expression was used in a place where the compiler\nexpected an expression of a different type. It can occur in several cases, the\nmost common being when calling a function and passing an argument which has a\ndifferent type than the matching type in the function declaration.\n"},"level":"error","spans":[{"file_name":"src/config.rs","byte_start":405,"byte_end":415,"line_start":16,"line_end":16,"column_start":19,"column_end":29,"is_primary":true,"text":[{"text":"        if let Ok(Some(name)) = config.get_string(\"user.name\") {","highlight_start":19,"highlight_end":29}],"label":"expected `String`, found `Option<_>`","suggested_replacement":null,"suggestion_applicability":null,"expansion":null},{"file_name":"src/config.rs","byte_start":419,"byte_end":449,"line_start":16,"line_end":16,"column_start":33,"column_end":63,"is_primary":false,"text":[{"text":"        if let Ok(Some(name)) = config.get_string(\"user.name\") {","highlight_start":33,"highlight_end":63}],"label":"this expression has type `Result<std::string::String, git2::Error>`","suggested_replacement":null,"suggestion_applicability":null,"expansion":null}],"children":[{"message":"expected struct `std::string::String`\n     found enum `Option<_>`","code":null,"level":"note","spans":[],"children":[],"rendered":null}],"rendered":"\u001b[1m\u001b[91merror[E0308]\u001b[0m\u001b[1m: mismatched types\u001b[0m\n  \u001b[1m\u001b[94m--> \u001b[0msrc/config.rs:16:19\n   \u001b[1m\u001b[94m|\u001b[0m\n\u001b[1m\u001b[94m16\u001b[0m \u001b[1m\u001b[94m|\u001b[0m         if let Ok(Some(name)) = config.get_string(\"user.name\") {\n   \u001b[1m\u001b[94m|\u001b[0m                   \u001b[1m\u001b[91m^^^^^^^^^^\u001b[0m    \u001b[1m\u001b[94m------------------------------\u001b[0m \u001b[1m\u001b[94mthis expression has type `Result<std::string::String, git2::Error>`\u001b[0m\n   \u001b[1m\u001b[94m|\u001b[0m                   \u001b[1m\u001b[91m|\u001b[0m\n   \u001b[1m\u001b[94m|\u001b[0m                   \u001b[1m\u001b[91mexpected `String`, found `Option<_>`\u001b[0m\n   \u001b[1m\u001b[94m|\u001b[0m\n   \u001b[1m\u001b[94m= \u001b[0m\u001b[1mnote\u001b[0m: expected struct `\u001b[1m\u001b[35mstd::string::String\u001b[0m`\n                found enum `\u001b[1m\u001b[35mOption<_>\u001b[0m`\n\n"}
{"$message_type":"diagnostic","message":"failed to resolve: use of unresolved module or unlinked crate `whoami`","code":{"code":"E0433","explanation":"An undeclared crate, module, or type was used.\n\nErroneous code example:\n\n```compile_fail,E0433\nlet map = HashMap::new();\n// error: failed to resolve: use of undeclared type `HashMap`\n```\n\nPlease verify you didn't misspell the type/module's name or that you didn't\nforget to import it:\n\n```\nuse std::collections::HashMap; // HashMap has been imported.\nlet map: HashMap<u32, u32> = HashMap::new(); // So it can be used!\n```\n\nIf you've expected to use a crate name:\n\n```compile_fail\nuse ferris_wheel::BigO;\n// error: failed to resolve: use of undeclared module or unlinked crate\n```\n\nMake sure the crate has been added as a dependency in `Cargo.toml`.\n\nTo use a module from your current crate, add the `crate::` prefix to the path.\n"},"level":"error","spans":[{"file_name":"src/config.rs","byte_start":517,"byte_end":523,"line_start":21,"line_end":21,"column_start":20,"column_end":26,"is_primary":true,"text":[{"text":"    let username = whoami::username();","highlight_start":20,"highlight_end":26}],"label":"use of unresolved module or unlinked crate `whoami`","suggested_replacement":null,"suggestion_applicability":null,"expansion":null}],"children":[{"message":"if you wanted to use a crate named `whoami`, use `cargo add whoami` to add it to your `Cargo.toml`","code":null,"level":"help","spans":[],"children":[],"rendered":null}],"rendered":"\u001b[1m\u001b[91merror[E0433]\u001b[0m\u001b[1m: failed to resolve: use of unresolved module or unlinked crate `whoami`\u001b[0m\n  \u001b[1m\u001b[94m--> \u001b[0msrc/config.rs:21:20\n   \u001b[1m\u001b[94m|\u001b[0m\n\u001b[1m\u001b[94m21\u001b[0m \u001b[1m\u001b[94m|\u001b[0m     let username = whoami::username();\n   \u001b[1m\u001b[94m|\u001b[0m                    \u001b[1m\u001b[91m^^^^^^\u001b[0m \u001b[1m\u001b[91muse of unresolved module or unlinked crate `whoami`\u001b[0m\n   \u001b[1m\u001b[94m|\u001b[0m\n   \u001b[1m\u001b[94m= \u001b[0m\u001b[1mhelp\u001b[0m: if you wanted to use a crate named `whoami`, use `cargo add whoami` to add it to your `Cargo.toml`\n\n"}
{"$message_type":"diagnostic","message":"mismatched types","code":{"code":"E0308","explanation":"Expected type did not match the received type.\n\nErroneous code examples:\n\n```compile_fail,E0308\nfn plus_one(x: i32) -> i32 {\n    x + 1\n}\n\nplus_one(\"Not a number\");\n//       ^^^^^^^^^^^^^^ expected `i32`, found `&str`\n\nif \"Not a bool\" {\n// ^^^^^^^^^^^^ expected `bool`, found `&str`\n}\n\nlet x: f32 = \"Not a float\";\n//     ---   ^^^^^^^^^^^^^ expected `f32`, found `&str`\n//     |\n//     expected due to this\n```\n\nThis error occurs when an expression was used in a place where the compiler\nexpected an expression of a different type. It can occur in several cases, the\nmost common being when calling a function and passing an argument which has a\ndifferent type than the matching type in the function declaration.\n"},"level":"error","spans":[{"file_name":"src/config.rs","byte_start":848,"byte_end":859,"line_start":33,"line_end":33,"column_start":19,"column_end":30,"is_primary":true,"text":[{"text":"        if let Ok(Some(email)) = config.get_string(\"user.email\") {","highlight_start":19,"highlight_end":30}],"label":"expected `String`, found `Option<_>`","suggested_replacement":null,"suggestion_applicability":null,"expansion":null},{"file_name":"src/config.rs","byte_start":863,"byte_end":894,"line_start":33,"line_end":33,"column_start":34,"column_end":65,"is_primary":false,"text":[{"text":"        if let Ok(Some(email)) = config.get_string(\"user.email\") {","highlight_start":34,"highlight_end":65}],"label":"this expression has type `Result<std::string::String, git2::Error>`","suggested_replacement":null,"suggestion_applicability":null,"expansion":null}],"children":[{"message":"expected struct `std::string::String`\n     found enum `Option<_>`","code":null,"level":"note","spans":[],"children":[],"rendered":null}],"rendered":"\u001b[1m\u001b[91merror[E0308]\u001b[0m\u001b[1m: mismatched types\u001b[0m\n  \u001b[1m\u001b[94m--> \u001b[0msrc/config.rs:33:19\n   \u001b[1m\u001b[94m|\u001b[0m\n\u001b[1m\u001b[94m33\u001b[0m \u001b[1m\u001b[94m|\u001b[0m         if let Ok(Some(email)) = config.get_string(\"user.email\") {\n   \u001b[1m\u001b[94m|\u001b[0m                   \u001b[1m\u001b[91m^^^^^^^^^^^\u001b[0m    \u001b[1m\u001b[94m-------------------------------\u001b[0m \u001b[1m\u001b[94mthis expression has type `Result<std::string::String, git2::Error>`\u001b[0m\n   \u001b[1m\u001b[94m|\u001b[0m                   \u001b[1m\u001b[91m|\u001b[0m\n   \u001b[1m\u001b[94m|\u001b[0m                   \u001b[1m\u001b[91mexpected `String`, found `Option<_>`\u001b[0m\n   \u001b[1m\u001b[94m|\u001b[0m\n   \u001b[1m\u001b[94m= \u001b[0m\u001b[1mnote\u001b[0m: expected struct `\u001b[1m\u001b[35mstd::string::String\u001b[0m`\n                found enum `\u001b[1m\u001b[35mOption<_>\u001b[0m`\n\n"}
{"$message_type":"diagnostic","message":"failed to resolve: use of unresolved module or unlinked crate `whoami`","code":{"code":"E0433","explanation":"An undeclared crate, module, or type was used.\n\nErroneous code example:\n\n```compile_fail,E0433\nlet map = HashMap::new();\n// error: failed to resolve: use of undeclared type `HashMap`\n```\n\nPlease verify you didn't misspell the type/module's name or that you didn't\nforget to import it:\n\n```\nuse std::collections::HashMap; // HashMap has been imported.\nlet map: HashMap<u32, u32> = HashMap::new(); // So it can be used!\n```\n\nIf you've expected to use a crate name:\n\n```compile_fail\nuse ferris_wheel::BigO;\n// error: failed to resolve: use of undeclared module or unlinked crate\n```\n\nMake sure the crate has been added as a dependency in `Cargo.toml`.\n\nTo use a module from your current crate, add the `crate::` prefix to the path.\n"},"level":"error","spans":[{"file_name":"src/config.rs","byte_start":963,"byte_end":969,"line_start":38,"line_end":38,"column_start":20,"column_end":26,"is_primary":true,"text":[{"text":"    let username = whoami::username();","highlight_start":20,"highlight_end":26}],"label":"use of unresolved module or unlinked crate `whoami`","suggested_replacement":null,"suggestion_applicability":null,"expansion":null}],"children":[{"message":"if you wanted to use a crate named `whoami`, use `cargo add whoami` to add it to your `Cargo.toml`","code":null,"level":"help","spans":[],"children":[],"rendered":null}],"rendered":"\u001b[1m\u001b[91merror[E0433]\u001b[0m\u001b[1m: failed to resolve: use of unresolved module or unlinked crate `whoami`\u001b[0m\n  \u001b[1m\u001b[94m--> \u001b[0msrc/config.rs:38:20\n   \u001b[1m\u001b[94m|\u001b[0m\n\u001b[1m\u001b[94m38\u001b[0m \u001b[1m\u001b[94m|\u001b[0m     let username = whoami::username();\n   \u001b[1m\u001b[94m|\u001b[0m                    \u001b[1m\u001b[91m^^^^^^\u001b[0m \u001b[1m\u001b[91muse of unresolved module or unlinked crate `whoami`\u001b[0m\n   \u001b[1m\u001b[94m|\u001b[0m\n   \u001b[1m\u001b[94m= \u001b[0m\u001b[1mhelp\u001b[0m: if you wanted to use a crate named `whoami`, use `cargo add whoami` to add it to your `Cargo.toml`\n\n"}
{"$message_type":"diagnostic","message":"no method named `context` found for enum `Result<T, E>` in the current scope","code":{"code":"E0599","explanation":"This error occurs when a method is used on a type which doesn't implement it:\n\nErroneous code example:\n\n```compile_fail,E0599\nstruct Mouth;\n\nlet x = Mouth;\nx.chocolate(); // error: no method named `chocolate` found for type `Mouth`\n               //        in the current scope\n```\n\nIn this case, you need to implement the `chocolate` method to fix the error:\n\n```\nstruct Mouth;\n\nimpl Mouth {\n    fn chocolate(&self) { // We implement the `chocolate` method here.\n        println!(\"Hmmm! I love chocolate!\");\n    }\n}\n\nlet x = Mouth;\nx.chocolate(); // ok!\n```\n"},"level":"error","spans":[{"file_name":"src/error.rs","byte_start":1195,"byte_end":1202,"line_start":50,"line_end":50,"column_start":14,"column_end":21,"is_primary":true,"text":[{"text":"        self.context(msg.to_string())","highlight_start":14,"highlight_end":21}],"label":"method not found in `Result<T, E>`","suggested_replacement":null,"suggestion_applicability":null,"expansion":null}],"children":[],"rendered":"\u001b[1m\u001b[91merror[E0599]\u001b[0m\u001b[1m: no method named `context` found for enum `Result<T, E>` in the current scope\u001b[0m\n  \u001b[1m\u001b[94m--> \u001b[0msrc/error.rs:50:14\n   \u001b[1m\u001b[94m|\u001b[0m\n\u001b[1m\u001b[94m50\u001b[0m \u001b[1m\u001b[94m|\u001b[0m         self.context(msg.to_string())\n   \u001b[1m\u001b[94m|\u001b[0m              \u001b[1m\u001b[91m^^^^^^^\u001b[0m \u001b[1m\u001b[91mmethod not found in `Result<T, E>`\u001b[0m\n\n"}
{"$message_type":"diagnostic","message":"unused variable: `email`","code":{"code":"unused_variables","explanation":null},"level":"warning","spans":[{"file_name":"src/commands/save.rs","byte_start":224,"byte_end":229,"line_start":10,"line_end":10,"column_start":9,"column_end":14,"is_primary":true,"text":[{"text":"    let email = config::get_user_email(&repo)?;","highlight_start":9,"highlight_end":14}],"label":null,"suggested_replacement":null,"suggestion_applicability":null,"expansion":null}],"children":[{"message":"`#[warn(unused_variables)]` (part of `#[warn(unused)]`) on by default","code":null,"level":"note","spans":[],"children":[],"rendered":null},{"message":"if this is intentional, prefix it with an underscore","code":null,"level":"help","spans":[{"file_name":"src/commands/save.rs","byte_start":224,"byte_end":229,"line_start":10,"line_end":10,"column_start":9,"column_end":14,"is_primary":true,"text":[{"text":"    let email = config::get_user_email(&repo)?;","highlight_start":9,"highlight_end":14}],"label":null,"suggested_replacement":"_email","suggestion_applicability":"MachineApplicable","expansion":null}],"children":[],"rendered":null}],"rendered":"\u001b[1m\u001b[33mwarning\u001b[0m\u001b[1m: unused variable: `email`\u001b[0m\n  \u001b[1m\u001b[94m--> \u001b[0msrc/commands/save.rs:10:9\n   \u001b[1m\u001b[94m|\u001b[0m\n\u001b[1m\u001b[94m10\u001b[0m \u001b[1m\u001b[94m|\u001b[0m     let email = config::get_user_email(&repo)?;\n   \u001b[1m\u001b[94m|\u001b[0m         \u001b[1m\u001b[33m^^^^^\u001b[0m \u001b[1m\u001b[33mhelp: if this is intentional, prefix it with an underscore: `_email`\u001b[0m\n   \u001b[1m\u001b[94m|\u001b[0m\n   \u001b[1m\u001b[94m= \u001b[0m\u001b[1mnote\u001b[0m: `#[warn(unused_variables)]` (part of `#[warn(unused)]`) on by default\n\n"}
{"$message_type":"diagnostic","message":"unused variable: `timestamp`","code":{"code":"unused_variables","explanation":null},"level":"warning","spans":[{"file_name":"src/commands/save.rs","byte_start":299,"byte_end":308,"line_start":13,"line_end":13,"column_start":9,"column_end":18,"is_primary":true,"text":[{"text":"    let timestamp = now.format(\"%Y-%m-%d %H:%M:%S\").to_string();","highlight_start":9,"highlight_end":18}],"label":null,"suggested_replacement":null,"suggestion_applicability":null,"expansion":null}],"children":[{"message":"if this is intentional, prefix it with an underscore","code":null,"level":"help","spans":[{"file_name":"src/commands/save.rs","byte_start":299,"byte_end":308,"line_start":13,"line_end":13,"column_start":9,"column_end":18,"is_primary":true,"text":[{"text":"    let timestamp = now.format(\"%Y-%m-%d %H:%M:%S\").to_string();","highlight_start":9,"highlight_end":18}],"label":null,"suggested_replacement":"_timestamp","suggestion_applicability":"MachineApplicable","expansion":null}],"children":[],"rendered":null}],"rendered":"\u001b[1m\u001b[33mwarning\u001b[0m\u001b[1m: unused variable: `timestamp`\u001b[0m\n  \u001b[1m\u001b[94m--> \u001b[0msrc/commands/save.rs:13:9\n   \u001b[1m\u001b[94m|\u001b[0m\n\u001b[1m\u001b[94m13\u001b[0m \u001b[1m\u001b[94m|\u001b[0m     let timestamp = now.format(\"%Y-%m-%d %H:%M:%S\").to_string();\n   \u001b[1m\u001b[94m|\u001b[0m         \u001b[1m\u001b[33m^^^^^^^^^\u001b[0m \u001b[1m\u001b[33mhelp: if this is intentional, prefix it with an underscore: `_timestamp`\u001b[0m\n\n"}
{"$message_type":"diagnostic","message":"unused variable: `main_oid`","code":{"code":"unused_variables","explanation":null},"level":"warning","spans":[{"file_name":"src/commands/status.rs","byte_start":195,"byte_end":203,"line_start":10,"line_end":10,"column_start":9,"column_end":17,"is_primary":true,"text":[{"text":"    let main_oid = git::get_main(&repo)?;","highlight_start":9,"highlight_end":17}],"label":null,"suggested_replacement":null,"suggestion_applicability":null,"expansion":null}],"children":[{"message":"if this is intentional, prefix it with an underscore","code":null,"level":"help","spans":[{"file_name":"src/commands/status.rs","byte_start":195,"byte_end":203,"line_start":10,"line_end":10,"column_start":9,"column_end":17,"is_primary":true,"text":[{"text":"    let main_oid = git::get_main(&repo)?;","highlight_start":9,"highlight_end":17}],"label":null,"suggested_replacement":"_main_oid","suggestion_applicability":"MachineApplicable","expansion":null}],"children":[],"rendered":null}],"rendered":"\u001b[1m\u001b[33mwarning\u001b[0m\u001b[1m: unused variable: `main_oid`\u001b[0m\n  \u001b[1m\u001b[94m--> \u001b[0msrc/commands/status.rs:10:9\n   \u001b[1m\u001b[94m|\u001b[0m\n\u001b[1m\u001b[94m10\u001b[0m \u001b[1m\u001b[94m|\u001b[0m     let main_oid = git::get_main(&repo)?;\n   \u001b[1m\u001b[94m|\u001b[0m         \u001b[1m\u001b[33m^^^^^^^^\u001b[0m \u001b[1m\u001b[33mhelp: if this is intentional, prefix it with an underscore: `_main_oid`\u001b[0m\n\n"}
{"$message_type":"diagnostic","message":"non-exhaustive patterns: `Err(_)` not covered","code":{"code":"E0004","explanation":"This error indicates that the compiler cannot guarantee a matching pattern for\none or more possible inputs to a match expression. Guaranteed matches are\nrequired in order to assign values to match expressions, or alternatively,\ndetermine the flow of execution.\n\nErroneous code example:\n\n```compile_fail,E0004\nenum Terminator {\n    HastaLaVistaBaby,\n    TalkToMyHand,\n}\n\nlet x = Terminator::HastaLaVistaBaby;\n\nmatch x { // error: non-exhaustive patterns: `HastaLaVistaBaby` not covered\n    Terminator::TalkToMyHand => {}\n}\n```\n\nIf you encounter this error you must alter your patterns so that every possible\nvalue of the input type is matched. For types with a small number of variants\n(like enums) you should probably cover all cases explicitly. Alternatively, the\nunderscore `_` wildcard pattern can be added after all other patterns to match\n\"anything else\". Example:\n\n```\nenum Terminator {\n    HastaLaVistaBaby,\n    TalkToMyHand,\n}\n\nlet x = Terminator::HastaLaVistaBaby;\n\nmatch x {\n    Terminator::TalkToMyHand => {}\n    Terminator::HastaLaVistaBaby => {}\n}\n\n// or:\n\nmatch x {\n    Terminator::TalkToMyHand => {}\n    _ => {}\n}\n```\n"},"level":"error","spans":[{"file_name":"src/commands/undo.rs","byte_start":231,"byte_end":253,"line_start":11,"line_end":11,"column_start":29,"column_end":51,"is_primary":true,"text":[{"text":"    let log_content = match git::get_op_log(&repo) {","highlight_start":29,"highlight_end":51}],"label":"pattern `Err(_)` not covered","suggested_replacement":null,"suggestion_applicability":null,"expansion":null}],"children":[{"message":"`Result<Option<std::string::String>, anyhow::Error>` defined here","code":null,"level":"note","spans":[{"file_name":"/home/skootsky/.rustup/toolchains/stable-x86_64-unknown-linux-gnu/lib/rustlib/src/rust/library/core/src/result.rs","byte_start":21221,"byte_end":21242,"line_start":557,"line_end":557,"column_start":1,"column_end":22,"is_primary":true,"text":[{"text":"pub enum Result<T, E> {","highlight_start":1,"highlight_end":22}],"label":"","suggested_replacement":null,"suggestion_applicability":null,"expansion":null},{"file_name":"/home/skootsky/.rustup/toolchains/stable-x86_64-unknown-linux-gnu/lib/rustlib/src/rust/library/core/src/result.rs","byte_start":21514,"byte_end":21517,"line_start":566,"line_end":566,"column_start":5,"column_end":8,"is_primary":false,"text":[{"text":"    Err(#[stable(feature = \"rust1\", since = \"1.0.0\")] E),","highlight_start":5,"highlight_end":8}],"label":"not covered","suggested_replacement":null,"suggestion_applicability":null,"expansion":null}],"children":[],"rendered":null},{"message":"the matched value is of type `Result<Option<std::string::String>, anyhow::Error>`","code":null,"level":"note","spans":[],"children":[],"rendered":null},{"message":"ensure that all possible cases are being handled by adding a match arm with a wildcard pattern or an explicit pattern as shown","code":null,"level":"help","spans":[{"file_name":"src/commands/undo.rs","byte_start":391,"byte_end":391,"line_start":15,"line_end":15,"column_start":10,"column_end":10,"is_primary":true,"text":[{"text":"        }","highlight_start":10,"highlight_end":10}],"label":null,"suggested_replacement":",\n        Err(_) => todo!()","suggestion_applicability":"HasPlaceholders","expansion":null}],"children":[],"rendered":null}],"rendered":"\u001b[1m\u001b[91merror[E0004]\u001b[0m\u001b[1m: non-exhaustive patterns: `Err(_)` not covered\u001b[0m\n   \u001b[1m\u001b[94m--> \u001b[0msrc/commands/undo.rs:11:29\n    \u001b[1m\u001b[94m|\u001b[0m\n \u001b[1m\u001b[94m11\u001b[0m \u001b[1m\u001b[94m|\u001b[0m     let log_content = match git::get_op_log(&repo) {\n    \u001b[1m\u001b[94m|\u001b[0m                             \u001b[1m\u001b[91m^^^^^^^^^^^^^^^^^^^^^^\u001b[0m \u001b[1m\u001b[91mpattern `Err(_)` not covered\u001b[0m\n    \u001b[1m\u001b[94m|\u001b[0m\n\u001b[1m\u001b[92mnote\u001b[0m: `Result<Option<std::string::String>, anyhow::Error>` defined here\n   \u001b[1m\u001b[94m--> \u001b[0m/home/skootsky/.rustup/toolchains/stable-x86_64-unknown-linux-gnu/lib/rustlib/src/rust/library/core/src/result.rs:557:1\n    \u001b[1m\u001b[94m|\u001b[0m\n\u001b[1m\u001b[94m557\u001b[0m \u001b[1m\u001b[94m|\u001b[0m pub enum Result<T, E> {\n    \u001b[1m\u001b[94m|\u001b[0m \u001b[1m\u001b[92m^^^^^^^^^^^^^^^^^^^^^\u001b[0m\n\u001b[1m\u001b[94m...\u001b[0m\n\u001b[1m\u001b[94m566\u001b[0m \u001b[1m\u001b[94m|\u001b[0m     Err(#[stable(feature = \"rust1\", since = \"1.0.0\")] E),\n    \u001b[1m\u001b[94m|\u001b[0m     \u001b[1m\u001b[94m---\u001b[0m \u001b[1m\u001b[94mnot covered\u001b[0m\n    \u001b[1m\u001b[94m= \u001b[0m\u001b[1mnote\u001b[0m: the matched value is of type `Result<Option<std::string::String>, anyhow::Error>`\n\u001b[1m\u001b[96mhelp\u001b[0m: ensure that all possible cases are being handled by adding a match arm with a wildcard pattern or an explicit pattern as shown\n    \u001b[1m\u001b[94m|\u001b[0m\n \u001b[1m\u001b[94m15\u001b[0m \u001b[92m~ \u001b[0m        }\u001b[92m,\u001b[0m\n \u001b[1m\u001b[94m16\u001b[0m \u001b[92m+         Err(_) => todo!()\u001b[0m\n    \u001b[1m\u001b[94m|\u001b[0m\n\n"}
{"$message_type":"diagnostic","message":"temporary value dropped while borrowed","code":{"code":"E0716","explanation":"A temporary value is being dropped while a borrow is still in active use.\n\nErroneous code example:\n\n```compile_fail,E0716\nfn foo() -> i32 { 22 }\nfn bar(x: &i32) -> &i32 { x }\nlet p = bar(&foo());\n         // ------ creates a temporary\nlet q = *p;\n```\n\nHere, the expression `&foo()` is borrowing the expression `foo()`. As `foo()` is\na call to a function, and not the name of a variable, this creates a\n**temporary** -- that temporary stores the return value from `foo()` so that it\ncan be borrowed. You could imagine that `let p = bar(&foo());` is equivalent to\nthe following, which uses an explicit temporary variable.\n\nErroneous code example:\n\n```compile_fail,E0597\n# fn foo() -> i32 { 22 }\n# fn bar(x: &i32) -> &i32 { x }\nlet p = {\n  let tmp = foo(); // the temporary\n  bar(&tmp) // error: `tmp` does not live long enough\n}; // <-- tmp is freed as we exit this block\nlet q = p;\n```\n\nWhenever a temporary is created, it is automatically dropped (freed) according\nto fixed rules. Ordinarily, the temporary is dropped at the end of the enclosing\nstatement -- in this case, after the `let p`. This is illustrated in the example\nabove by showing that `tmp` would be freed as we exit the block.\n\nTo fix this problem, you need to create a local variable to store the value in\nrather than relying on a temporary. For example, you might change the original\nprogram to the following:\n\n```\nfn foo() -> i32 { 22 }\nfn bar(x: &i32) -> &i32 { x }\nlet value = foo(); // dropped at the end of the enclosing block\nlet p = bar(&value);\nlet q = *p;\n```\n\nBy introducing the explicit `let value`, we allocate storage that will last\nuntil the end of the enclosing block (when `value` goes out of scope). When we\nborrow `&value`, we are borrowing a local variable that already exists, and\nhence no temporary is created.\n\nTemporaries are not always dropped at the end of the enclosing statement. In\nsimple cases where the `&` expression is immediately stored into a variable, the\ncompiler will automatically extend the lifetime of the temporary until the end\nof the enclosing block. Therefore, an alternative way to fix the original\nprogram is to write `let tmp = &foo()` and not `let tmp = foo()`:\n\n```\nfn foo() -> i32 { 22 }\nfn bar(x: &i32) -> &i32 { x }\nlet value = &foo();\nlet p = bar(value);\nlet q = *p;\n```\n\nHere, we are still borrowing `foo()`, but as the borrow is assigned directly\ninto a variable, the temporary will not be dropped until the end of the\nenclosing block. Similar rules apply when temporaries are stored into aggregate\nstructures like a tuple or struct:\n\n```\n// Here, two temporaries are created, but\n// as they are stored directly into `value`,\n// they are not dropped until the end of the\n// enclosing block.\nfn foo() -> i32 { 22 }\nlet value = (&foo(), &foo());\n```\n"},"level":"error","spans":[{"file_name":"src/git/mod.rs","byte_start":1194,"byte_end":1214,"line_start":36,"line_end":36,"column_start":27,"column_end":47,"is_primary":true,"text":[{"text":"            let content = ref_.peel_to_blob()?.content();","highlight_start":27,"highlight_end":47}],"label":"creates a temporary value which is freed while still in use","suggested_replacement":null,"suggestion_applicability":null,"expansion":null},{"file_name":"src/git/mod.rs","byte_start":1224,"byte_end":1225,"line_start":36,"line_end":36,"column_start":57,"column_end":58,"is_primary":false,"text":[{"text":"            let content = ref_.peel_to_blob()?.content();","highlight_start":57,"highlight_end":58}],"label":"temporary value is freed at the end of this statement","suggested_replacement":null,"suggestion_applicability":null,"expansion":null},{"file_name":"src/git/mod.rs","byte_start":1270,"byte_end":1277,"line_start":37,"line_end":37,"column_start":45,"column_end":52,"is_primary":false,"text":[{"text":"            Ok(Some(String::from_utf8_lossy(content).to_string()))","highlight_start":45,"highlight_end":52}],"label":"borrow later used here","suggested_replacement":null,"suggestion_applicability":null,"expansion":null}],"children":[{"message":"consider using a `let` binding to create a longer lived value","code":null,"level":"note","spans":[],"children":[],"rendered":null}],"rendered":"\u001b[1m\u001b[91merror[E0716]\u001b[0m\u001b[1m: temporary value dropped while borrowed\u001b[0m\n  \u001b[1m\u001b[94m--> \u001b[0msrc/git/mod.rs:36:27\n   \u001b[1m\u001b[94m|\u001b[0m\n\u001b[1m\u001b[94m36\u001b[0m \u001b[1m\u001b[94m|\u001b[0m             let content = ref_.peel_to_blob()?.content();\n   \u001b[1m\u001b[94m|\u001b[0m                           \u001b[1m\u001b[91m^^^^^^^^^^^^^^^^^^^^\u001b[0m          \u001b[1m\u001b[94m-\u001b[0m \u001b[1m\u001b[94mtemporary value is freed at the end of this statement\u001b[0m\n   \u001b[1m\u001b[94m|\u001b[0m                           \u001b[1m\u001b[91m|\u001b[0m\n   \u001b[1m\u001b[94m|\u001b[0m                           \u001b[1m\u001b[91mcreates a temporary value which is freed while still in use\u001b[0m\n\u001b[1m\u001b[94m37\u001b[0m \u001b[1m\u001b[94m|\u001b[0m             Ok(Some(String::from_utf8_lossy(content).to_string()))\n   \u001b[1m\u001b[94m|\u001b[0m                                             \u001b[1m\u001b[94m-------\u001b[0m \u001b[1m\u001b[94mborrow later used here\u001b[0m\n   \u001b[1m\u001b[94m|\u001b[0m\n   \u001b[1m\u001b[94m= \u001b[0m\u001b[1mnote\u001b[0m: consider using a `let` binding to create a longer lived value\n\n"}
{"$message_type":"diagnostic","message":"aborting due to 18 previous errors; 4 warnings emitted","code":null,"level":"error","spans":[],"children":[],"rendered":"\u001b[1m\u001b[91merror\u001b[0m\u001b[1m: aborting due to 18 previous errors; 4 warnings emitted\u001b[0m\n\n"}
{"$message_type":"diagnostic","message":"Some errors have detailed explanations: E0004, E0061, E0107, E0308, E0432, E0433, E0599, E0716.","code":null,"level":"failure-note","spans":[],"children":[],"rendered":"\u001b[1mSome errors have detailed explanations: E0004, E0061, E0107, E0308, E0432, E0433, E0599, E0716.\u001b[0m\n"}
{"$message_type":"diagnostic","message":"For more information about an error, try `rustc --explain E0004`.","code":null,"level":"failure-note","spans":[],"children":[],"rendered":"\u001b[1mFor more information about an error, try `rustc --explain E0004`.\u001b[0m\n"}
